#
# There is insufficient memory for the Java Runtime Environment to continue.
# Native memory allocation (malloc) failed to allocate 1048576 bytes for AllocateHeap
# Possible reasons:
#   The system is out of physical RAM or swap space
#   The process is running with CompressedOops enabled, and the Java Heap may be blocking the growth of the native heap
# Possible solutions:
#   Reduce memory load on the system
#   Increase physical memory or swap space
#   Check if swap backing store is full
#   Decrease Java heap size (-Xmx/-Xms)
#   Decrease number of Java threads
#   Decrease Java thread stack sizes (-Xss)
#   Set larger code cache with -XX:ReservedCodeCacheSize=
#   JVM is running with Unscaled Compressed Oops mode in which the Java heap is
#     placed in the first 4GB address space. The Java Heap base address is the
#     maximum limit for the native heap growth. Please use -XX:HeapBaseMinAddress
#     to set the Java Heap base and to place the Java Heap above 4GB virtual address.
# This output file may be truncated or incomplete.
#
#  Out of Memory Error (allocation.cpp:44), pid=28612, tid=21320
#
# JRE version:  (17.0.9+7) (build )
# Java VM: OpenJDK 64-Bit Server VM (17.0.9+7-b1087.9, mixed mode, sharing, tiered, compressed oops, compressed class ptrs, g1 gc, windows-amd64)
# No core dump will be written. Minidumps are not enabled by default on client versions of Windows
#

---------------  S U M M A R Y ------------

Command Line: git4idea.http.GitAskPassApp Username for 'https://github.com': 

Host: 11th Gen Intel(R) Core(TM) i5-1135G7 @ 2.40GHz, 8 cores, 11G,  Windows 10 , 64 bit Build 19041 (10.0.19041.5072)
Time: Tue Nov 26 17:00:13 2024 SE Asia Standard Time elapsed time: 0.032114 seconds (0d 0h 0m 0s)

---------------  T H R E A D  ---------------

Current thread (0x000001ad8c9f2ab0):  JavaThread "Unknown thread" [_thread_in_vm, id=21320, stack(0x0000001b06500000,0x0000001b06600000)]

Stack: [0x0000001b06500000,0x0000001b06600000]
Native frames: (J=compiled Java code, j=interpreted, Vv=VM code, C=native code)
V  [jvm.dll+0x688349]
V  [jvm.dll+0x841bfa]
V  [jvm.dll+0x84383e]
V  [jvm.dll+0x843ea3]
V  [jvm.dll+0x24bdef]
V  [jvm.dll+0xa6b5b]
V  [jvm.dll+0x2de584]
V  [jvm.dll+0x81273c]
V  [jvm.dll+0x371d41]
V  [jvm.dll+0x7f12bc]
V  [jvm.dll+0x3f59cf]
V  [jvm.dll+0x3f7601]
C  [jli.dll+0x528f]
C  [ucrtbase.dll+0x21bb2]
C  [KERNEL32.DLL+0x17374]
C  [ntdll.dll+0x4cc91]


---------------  P R O C E S S  ---------------

Threads class SMR info:
_java_thread_list=0x00007ffe62a9df18, length=0, elements={
}

Java Threads: ( => current thread )

Other Threads:

=>0x000001ad8c9f2ab0 (exited) JavaThread "Unknown thread" [_thread_in_vm, id=21320, stack(0x0000001b06500000,0x0000001b06600000)]

Threads with active compile tasks:

VM state: not at safepoint (not fully initialized)

VM Mutex/Monitor currently owned by a thread: None

Heap address: 0x0000000000000000, size: 0 MB, Compressed Oops mode: 32-bit

CDS archive(s) mapped at: [0x0000000000000000-0x0000000000000000-0x0000000000000000), size 0, SharedBaseAddress: 0x0000000800000000, ArchiveRelocationMode: 1.
Narrow klass base: 0x0000000000000000, Narrow klass shift: 0, Narrow klass range: 0x0

GC Precious Log:
<Empty>

GC Heap History (0 events):
No events

Dll operation events (1 events):
Event: 0.021 Loaded shared library G:\Programs\JetBrainsIntelliJ IDEA 2023.3.2\IntelliJ IDEA 2023.3.2\jbr\bin\java.dll

Deoptimization events (0 events):
No events

Classes unloaded (0 events):
No events

Classes redefined (0 events):
No events

Internal exceptions (0 events):
No events

VM Operations (0 events):
No events

Events (0 events):
No events


Dynamic libraries:
0x00007ff676520000 - 0x00007ff67652a000 	G:\Programs\JetBrainsIntelliJ IDEA 2023.3.2\IntelliJ IDEA 2023.3.2\jbr\bin\java.exe
0x00007ffec2310000 - 0x00007ffec2508000 	C:\WINDOWS\SYSTEM32\ntdll.dll
0x00007ffec0f80000 - 0x00007ffec1042000 	C:\WINDOWS\System32\KERNEL32.DLL
0x00007ffebfd00000 - 0x00007ffebfffe000 	C:\WINDOWS\System32\KERNELBASE.dll
0x00007ffebfc00000 - 0x00007ffebfd00000 	C:\WINDOWS\System32\ucrtbase.dll
0x00007ffe5fc00000 - 0x00007ffe5fc17000 	G:\Programs\JetBrainsIntelliJ IDEA 2023.3.2\IntelliJ IDEA 2023.3.2\jbr\bin\jli.dll
0x00007ffec1460000 - 0x00007ffec15fd000 	C:\WINDOWS\System32\USER32.dll
0x00007ffeb92a0000 - 0x00007ffeb92bb000 	G:\Programs\JetBrainsIntelliJ IDEA 2023.3.2\IntelliJ IDEA 2023.3.2\jbr\bin\VCRUNTIME140.dll
0x00007ffeae5f0000 - 0x00007ffeae88a000 	C:\WINDOWS\WinSxS\amd64_microsoft.windows.common-controls_6595b64144ccf1df_6.0.19041.4355_none_60b8b9eb71f62e16\COMCTL32.dll
0x00007ffebfb80000 - 0x00007ffebfba2000 	C:\WINDOWS\System32\win32u.dll
0x00007ffec0bc0000 - 0x00007ffec0c5e000 	C:\WINDOWS\System32\msvcrt.dll
0x00007ffec1610000 - 0x00007ffec163b000 	C:\WINDOWS\System32\GDI32.dll
0x00007ffebf9b0000 - 0x00007ffebfac7000 	C:\WINDOWS\System32\gdi32full.dll
0x00007ffec0290000 - 0x00007ffec032d000 	C:\WINDOWS\System32\msvcp_win.dll
0x00007ffec22a0000 - 0x00007ffec22cf000 	C:\WINDOWS\System32\IMM32.DLL
0x00007ffeb9290000 - 0x00007ffeb929c000 	G:\Programs\JetBrainsIntelliJ IDEA 2023.3.2\IntelliJ IDEA 2023.3.2\jbr\bin\vcruntime140_1.dll
0x00007ffe46cb0000 - 0x00007ffe46d3d000 	G:\Programs\JetBrainsIntelliJ IDEA 2023.3.2\IntelliJ IDEA 2023.3.2\jbr\bin\msvcp140.dll
0x00007ffe61f60000 - 0x00007ffe62be2000 	G:\Programs\JetBrainsIntelliJ IDEA 2023.3.2\IntelliJ IDEA 2023.3.2\jbr\bin\server\jvm.dll
0x00007ffec0d90000 - 0x00007ffec0e41000 	C:\WINDOWS\System32\ADVAPI32.dll
0x00007ffec1b90000 - 0x00007ffec1c2f000 	C:\WINDOWS\System32\sechost.dll
0x00007ffec1050000 - 0x00007ffec1173000 	C:\WINDOWS\System32\RPCRT4.dll
0x00007ffec0000000 - 0x00007ffec0027000 	C:\WINDOWS\System32\bcrypt.dll
0x00007ffebf1a0000 - 0x00007ffebf1eb000 	C:\WINDOWS\SYSTEM32\POWRPROF.dll
0x00007ffe724d0000 - 0x00007ffe724d9000 	C:\WINDOWS\SYSTEM32\WSOCK32.dll
0x00007ffec2150000 - 0x00007ffec21bb000 	C:\WINDOWS\System32\WS2_32.dll
0x00007ffeb16b0000 - 0x00007ffeb16d7000 	C:\WINDOWS\SYSTEM32\WINMM.dll
0x00007ffebe6c0000 - 0x00007ffebe6ca000 	C:\WINDOWS\SYSTEM32\VERSION.dll
0x00007ffebf120000 - 0x00007ffebf132000 	C:\WINDOWS\SYSTEM32\UMPDC.dll
0x00007ffebe5b0000 - 0x00007ffebe5c2000 	C:\WINDOWS\SYSTEM32\kernel.appcore.dll
0x00007ffe70a80000 - 0x00007ffe70a8a000 	G:\Programs\JetBrainsIntelliJ IDEA 2023.3.2\IntelliJ IDEA 2023.3.2\jbr\bin\jimage.dll
0x00007ffebd2b0000 - 0x00007ffebd494000 	C:\WINDOWS\SYSTEM32\DBGHELP.DLL
0x00007ffea5de0000 - 0x00007ffea5e14000 	C:\WINDOWS\SYSTEM32\dbgcore.DLL
0x00007ffec0190000 - 0x00007ffec0212000 	C:\WINDOWS\System32\bcryptPrimitives.dll
0x00007ffe63630000 - 0x00007ffe63655000 	G:\Programs\JetBrainsIntelliJ IDEA 2023.3.2\IntelliJ IDEA 2023.3.2\jbr\bin\java.dll

dbghelp: loaded successfully - version: 4.0.5 - missing functions: none
symbol engine: initialized successfully - sym options: 0x614 - pdb path: .;G:\Programs\JetBrainsIntelliJ IDEA 2023.3.2\IntelliJ IDEA 2023.3.2\jbr\bin;C:\WINDOWS\SYSTEM32;C:\WINDOWS\WinSxS\amd64_microsoft.windows.common-controls_6595b64144ccf1df_6.0.19041.4355_none_60b8b9eb71f62e16;G:\Programs\JetBrainsIntelliJ IDEA 2023.3.2\IntelliJ IDEA 2023.3.2\jbr\bin\server

VM Arguments:
java_command: git4idea.http.GitAskPassApp Username for 'https://github.com': 
java_class_path (initial): G:/Programs/JetBrainsIntelliJ IDEA 2023.3.2/IntelliJ IDEA 2023.3.2/plugins/vcs-git/lib/git4idea-rt.jar;G:/Programs/JetBrainsIntelliJ IDEA 2023.3.2/IntelliJ IDEA 2023.3.2/lib/externalProcess-rt.jar
Launcher Type: SUN_STANDARD

[Global flags]
     intx CICompilerCount                          = 4                                         {product} {ergonomic}
     uint ConcGCThreads                            = 2                                         {product} {ergonomic}
     uint G1ConcRefinementThreads                  = 8                                         {product} {ergonomic}
   size_t G1HeapRegionSize                         = 2097152                                   {product} {ergonomic}
    uintx GCDrainStackTargetSize                   = 64                                        {product} {ergonomic}
   size_t InitialHeapSize                          = 197132288                                 {product} {ergonomic}
   size_t MarkStackSize                            = 4194304                                   {product} {ergonomic}
   size_t MaxHeapSize                              = 3149922304                                {product} {ergonomic}
   size_t MinHeapDeltaBytes                        = 2097152                                   {product} {ergonomic}
   size_t MinHeapSize                              = 8388608                                   {product} {ergonomic}
    uintx NonNMethodCodeHeapSize                   = 5839372                                {pd product} {ergonomic}
    uintx NonProfiledCodeHeapSize                  = 122909434                              {pd product} {ergonomic}
    uintx ProfiledCodeHeapSize                     = 122909434                              {pd product} {ergonomic}
    uintx ReservedCodeCacheSize                    = 251658240                              {pd product} {ergonomic}
     bool SegmentedCodeCache                       = true                                      {product} {ergonomic}
   size_t SoftMaxHeapSize                          = 3149922304                             {manageable} {ergonomic}
     bool UseCompressedClassPointers               = true                           {product lp64_product} {ergonomic}
     bool UseCompressedOops                        = true                           {product lp64_product} {ergonomic}
     bool UseG1GC                                  = true                                      {product} {ergonomic}
     bool UseLargePagesIndividualAllocation        = false                                  {pd product} {ergonomic}

Logging:
Log output configuration:
 #0: stdout all=warning uptime,level,tags
 #1: stderr all=off uptime,level,tags

Environment Variables:
JAVA_HOME=C:\Program Files\Java\jdk-17.0.4
PATH=C:\Program Files\Git\mingw64\libexec\git-core;C:\Program Files\Git\mingw64\libexec\git-core;C:\Program Files\Git\mingw64\bin;C:\Program Files\Git\usr\bin;C:\Users\trxua\bin;C:\Program Files\Common Files\Oracle\Java\javapath;C:\Program Files (x86)\Common Files\Oracle\Java\javapath;C:\WINDOWS\system32;C:\WINDOWS;C:\WINDOWS\System32\Wbem;C:\WINDOWS\System32\WindowsPowerShell\v1.0;C:\WINDOWS\System32\OpenSSH;C:\Program Files\Microsoft SQL Server\Client SDK\ODBC\170\Tools\Binn;C:\Program Files (x86)\Microsoft SQL Server\150\Tools\Binn;C:\Program Files\Microsoft SQL Server\150\Tools\Binn;C:\Program Files\Microsoft SQL Server\150\DTS\Binn;C:\Program Files (x86)\Microsoft SQL Server\150\DTS\Binn;C:\Program Files\Azure Data Studio\bin;C:\Program Files\Java\jdk-17.0.4\bin;C:\Program Files\Cloudflare\Cloudflare WARP;C:\Program Files\nodejs;C:\Users\trxua\Documents\mingw32\bin;C:\Program Files\Git\cmd;C:\Program Files\Java\jdk-21\bin;C:\Program Files\MySQL\MySQL Server 8.0\bin;C:\Program Files\dotnet;C:\Program Files (x86)\apache-maven-3.9.8\bin;C:\Program Files\PuTTY;C:\Program Files\Docker\Docker\resources\bin;C:\Users\trxua\AppData\Local\Programs\Python\Launcher;C:\Users\trxua\AppData\Local\Programs\Python\Python38\Scripts;C:\Users\trxua\AppData\Local\Programs\Python\Python38;C:\Users\trxua\AppData\Local\Programs\Python\Python312\Scripts;C:\Users\trxua\AppData\Local\Programs\Python\Python312;C:\Users\trxua\AppData\Local\Programs\Python\Python311\Scripts;C:\Users\trxua\AppData\Local\Programs\Python\Python311;C:\Users\trxua\AppData\Local\Microsoft\WindowsApps;C:\Program Files\Azure Data Studio\bin;C:\Users\trxua\AppData\Local\Programs\Microsoft VS Code\bin;C:\Users\trxua\AppData\Local\GitHubDesktop\bin;C:\Users\trxua\AppData\Roaming\npm;C:\msys64\ucrt64\bin
USERNAME=trxua
DISPLAY=:0.0
LC_ALL=en_US.UTF-8
TERM=xterm-256color
TMPDIR=C:\Users\trxua\AppData\Local\Temp
OS=Windows_NT
PROCESSOR_IDENTIFIER=Intel64 Family 6 Model 140 Stepping 1, GenuineIntel
TMP=C:\Users\trxua\AppData\Local\Temp
TEMP=C:\Users\trxua\AppData\Local\Temp



Periodic native trim disabled

JNI global refs:
JNI global refs: 0, weak refs: 0

JNI global refs memory usage: 0, weak refs: 0

OOME stack traces (most recent first):
Classloader memory used:


---------------  S Y S T E M  ---------------

OS:
 Windows 10 , 64 bit Build 19041 (10.0.19041.5072)
OS uptime: 6 days 1:23 hours
Hyper-V role detected

CPU: total 8 (initial active 8) (4 cores per cpu, 2 threads per core) family 6 model 140 stepping 1 microcode 0xb8, cx8, cmov, fxsr, ht, mmx, 3dnowpref, sse, sse2, sse3, ssse3, sse4.1, sse4.2, popcnt, lzcnt, tsc, tscinvbit, avx, avx2, aes, erms, clmul, bmi1, bmi2, adx, avx512f, avx512dq, avx512cd, avx512bw, avx512vl, sha, fma, vzeroupper, avx512_vpopcntdq, avx512_vpclmulqdq, avx512_vaes, avx512_vnni, clflush, clflushopt, clwb, avx512_vbmi2, avx512_vbmi, hv
Processor Information for all 8 processors :
  Max Mhz: 2419, Current Mhz: 2419, Mhz Limit: 2419

Memory: 4k page, system-wide physical 12010M (490M free)
TotalPageFile size 31472M (AvailPageFile size 6M)
current process WorkingSet (physical memory assigned to process): 10M, peak: 10M
current process commit charge ("private bytes"): 14M, peak: 15M

vm_info: OpenJDK 64-Bit Server VM (17.0.9+7-b1087.9) for windows-amd64 JRE (17.0.9+7-b1087.9), built on 2023-12-05 by "builduser" with MS VC++ 16.10 / 16.11 (VS2019)

END.
